<?xml version="1.0" encoding="UTF-8"?>
<testng-results ignored="0" total="2" passed="2" failed="0" skipped="0">
  <reporter-output>
  </reporter-output>
  <suite started-at="2026-03-25T08:03:03 IST" name="Suite" finished-at="2026-03-25T08:03:12 IST" duration-ms="8818">
    <groups>
    </groups>
    <test started-at="2026-03-25T08:03:03 IST" name="Test_chrome" finished-at="2026-03-25T08:03:09 IST" duration-ms="5972">
      <class name="com.Test.Test_001">
        <test-method is-config="true" signature="OpenBrowser(java.lang.String)[pri:0, instance:com.Test.Test_001@3cce57c7]" started-at="2026-03-25T08:03:03 IST" name="OpenBrowser" finished-at="2026-03-25T08:03:08 IST" duration-ms="5074" status="PASS">
          <params>
            <param index="0">
              <value>
                <![CDATA[chrome]]>
              </value>
            </param>
          </params>
          <reporter-output>
          </reporter-output>
        </test-method> <!-- OpenBrowser -->
        <test-method signature="verify_001()[pri:0, instance:com.Test.Test_001@3cce57c7]" started-at="2026-03-25T08:03:08 IST" name="verify_001" finished-at="2026-03-25T08:03:09 IST" duration-ms="467" status="PASS">
          <reporter-output>
          </reporter-output>
        </test-method> <!-- verify_001 -->
        <test-method is-config="true" signature="TearDown()[pri:0, instance:com.Test.Test_001@3cce57c7]" started-at="2026-03-25T08:03:09 IST" name="TearDown" finished-at="2026-03-25T08:03:09 IST" duration-ms="267" status="PASS">
          <reporter-output>
          </reporter-output>
        </test-method> <!-- TearDown -->
      </class> <!-- com.Test.Test_001 -->
    </test> <!-- Test_chrome -->
    <test started-at="2026-03-25T08:03:10 IST" name="Test_edge" finished-at="2026-03-25T08:03:12 IST" duration-ms="2484">
      <class name="com.Test.Test_001">
        <test-method is-config="true" signature="BS()[pri:0, instance:com.Test.Test_001@cd1e646]" started-at="2026-03-25T08:03:02 IST" name="BS" finished-at="2026-03-25T08:03:03 IST" duration-ms="843" status="PASS">
          <reporter-output>
          </reporter-output>
        </test-method> <!-- BS -->
        <test-method is-config="true" signature="OpenBrowser(java.lang.String)[pri:0, instance:com.Test.Test_001@cd1e646]" started-at="2026-03-25T08:03:10 IST" name="OpenBrowser" finished-at="2026-03-25T08:03:11 IST" duration-ms="1898" status="PASS">
          <params>
            <param index="0">
              <value>
                <![CDATA[edge]]>
              </value>
            </param>
          </params>
          <reporter-output>
          </reporter-output>
        </test-method> <!-- OpenBrowser -->
        <test-method signature="verify_001()[pri:0, instance:com.Test.Test_001@cd1e646]" started-at="2026-03-25T08:03:11 IST" name="verify_001" finished-at="2026-03-25T08:03:12 IST" duration-ms="272" status="PASS">
          <reporter-output>
          </reporter-output>
        </test-method> <!-- verify_001 -->
        <test-method is-config="true" signature="TearDown()[pri:0, instance:com.Test.Test_001@cd1e646]" started-at="2026-03-25T08:03:12 IST" name="TearDown" finished-at="2026-03-25T08:03:12 IST" duration-ms="182" status="PASS">
          <reporter-output>
          </reporter-output>
        </test-method> <!-- TearDown -->
      </class> <!-- com.Test.Test_001 -->
    </test> <!-- Test_edge -->
  </suite> <!-- Suite -->
</testng-results>
