<?xml version="1.0" encoding="UTF-8"?>
<testng-results ignored="0" total="2" passed="2" failed="0" skipped="0">
  <reporter-output>
  </reporter-output>
  <suite started-at="2026-04-06T08:35:52 IST" name="Suite" finished-at="2026-04-06T08:35:59 IST" duration-ms="6790">
    <groups>
    </groups>
    <test started-at="2026-04-06T08:35:52 IST" name="Test_chrome" finished-at="2026-04-06T08:35:56 IST" duration-ms="4217">
      <class name="com.Test.Test_001">
        <test-method is-config="true" signature="OpenBrowser(java.lang.String)[pri:0, instance:com.Test.Test_001@1169afe1]" started-at="2026-04-06T08:35:52 IST" name="OpenBrowser" finished-at="2026-04-06T08:35:56 IST" duration-ms="3703" status="PASS">
          <params>
            <param index="0">
              <value>
                <![CDATA[chrome]]>
              </value>
            </param>
          </params>
          <reporter-output>
          </reporter-output>
        </test-method> <!-- OpenBrowser -->
        <test-method signature="verify_001()[pri:0, instance:com.Test.Test_001@1169afe1]" started-at="2026-04-06T08:35:56 IST" name="verify_001" finished-at="2026-04-06T08:35:56 IST" duration-ms="228" status="PASS">
          <reporter-output>
          </reporter-output>
        </test-method> <!-- verify_001 -->
        <test-method is-config="true" signature="TearDown()[pri:0, instance:com.Test.Test_001@1169afe1]" started-at="2026-04-06T08:35:56 IST" name="TearDown" finished-at="2026-04-06T08:35:56 IST" duration-ms="165" status="PASS">
          <reporter-output>
          </reporter-output>
        </test-method> <!-- TearDown -->
      </class> <!-- com.Test.Test_001 -->
    </test> <!-- Test_chrome -->
    <test started-at="2026-04-06T08:35:56 IST" name="Test_edge" finished-at="2026-04-06T08:35:59 IST" duration-ms="2312">
      <class name="com.Test.Test_001">
        <test-method is-config="true" signature="BS()[pri:0, instance:com.Test.Test_001@6950ed69]" started-at="2026-04-06T08:35:51 IST" name="BS" finished-at="2026-04-06T08:35:52 IST" duration-ms="555" status="PASS">
          <reporter-output>
          </reporter-output>
        </test-method> <!-- BS -->
        <test-method is-config="true" signature="OpenBrowser(java.lang.String)[pri:0, instance:com.Test.Test_001@6950ed69]" started-at="2026-04-06T08:35:56 IST" name="OpenBrowser" finished-at="2026-04-06T08:35:58 IST" duration-ms="1797" status="PASS">
          <params>
            <param index="0">
              <value>
                <![CDATA[edge]]>
              </value>
            </param>
          </params>
          <reporter-output>
          </reporter-output>
        </test-method> <!-- OpenBrowser -->
        <test-method signature="verify_001()[pri:0, instance:com.Test.Test_001@6950ed69]" started-at="2026-04-06T08:35:58 IST" name="verify_001" finished-at="2026-04-06T08:35:58 IST" duration-ms="222" status="PASS">
          <reporter-output>
          </reporter-output>
        </test-method> <!-- verify_001 -->
        <test-method is-config="true" signature="TearDown()[pri:0, instance:com.Test.Test_001@6950ed69]" started-at="2026-04-06T08:35:59 IST" name="TearDown" finished-at="2026-04-06T08:35:59 IST" duration-ms="179" status="PASS">
          <reporter-output>
          </reporter-output>
        </test-method> <!-- TearDown -->
      </class> <!-- com.Test.Test_001 -->
    </test> <!-- Test_edge -->
  </suite> <!-- Suite -->
</testng-results>
